<?xml version="1.0" encoding="UTF-8"?>
<coverage generated="1653567636068" clover="3.2.0">
  <project timestamp="1653567636068" name="All files">
    <metrics statements="3" coveredstatements="2" conditionals="0" coveredconditionals="0" methods="1" coveredmethods="1" elements="4" coveredelements="3" complexity="0" loc="3" ncloc="3" packages="1" files="3" classes="3"/>
    <file name="App.tsx" path="/home/user/Documents/personal/entain-app/src/App.tsx">
      <metrics statements="2" coveredstatements="2" conditionals="0" coveredconditionals="0" methods="1" coveredmethods="1"/>
      <line num="3" count="1" type="stmt"/>
      <line num="4" count="1" type="stmt"/>
    </file>
    <file name="declaration.d.ts" path="/home/user/Documents/personal/entain-app/src/declaration.d.ts">
      <metrics statements="0" coveredstatements="0" conditionals="0" coveredconditionals="0" methods="0" coveredmethods="0"/>
    </file>
    <file name="index.tsx" path="/home/user/Documents/personal/entain-app/src/index.tsx">
      <metrics statements="1" coveredstatements="0" conditionals="0" coveredconditionals="0" methods="0" coveredmethods="0"/>
      <line num="5" count="0" type="stmt"/>
    </file>
  </project>
</coverage>
