{"/home/user/Documents/personal/entain-test/src/App.tsx": {"path":"/home/user/Documents/personal/entain-test/src/App.tsx","statementMap":{"0":{"start":{"line":6,"column":0},"end":{"line":7,"column":59}},"1":{"start":{"line":10,"column":2},"end":{"line":22,"column":4}}},"fnMap":{"0":{"name":"App","decl":{"start":{"line":9,"column":9},"end":{"line":9,"column":12}},"loc":{"start":{"line":9,"column":15},"end":{"line":23,"column":1}},"line":9}},"branchMap":{"0":{"loc":{"start":{"line":7,"column":2},"end":{"line":7,"column":58}},"type":"binary-expr","locations":[{"start":{"line":7,"column":2},"end":{"line":7,"column":31}},{"start":{"line":7,"column":35},"end":{"line":7,"column":58}}],"line":7}},"s":{"0":1,"1":1},"f":{"0":1},"b":{"0":[1,1]},"_coverageSchema":"1a1c01bbd47fc00a2c39e90264f33305004495a9","hash":"85537c32887a70c653b933dd5662193bd6c50a35"}
,"/home/user/Documents/personal/entain-test/src/declaration.d.ts": {"path":"/home/user/Documents/personal/entain-test/src/declaration.d.ts","statementMap":{},"fnMap":{},"branchMap":{},"s":{},"f":{},"b":{}}
,"/home/user/Documents/personal/entain-test/src/index.tsx": {"path":"/home/user/Documents/personal/entain-test/src/index.tsx","statementMap":{"0":{"start":{"line":6,"column":18},"end":{"line":6,"column":52}},"1":{"start":{"line":7,"column":13},"end":{"line":7,"column":54}},"2":{"start":{"line":9,"column":0},"end":{"line":15,"column":2}}},"fnMap":{},"branchMap":{},"s":{"0":0,"1":0,"2":0},"f":{},"b":{}}
,"/home/user/Documents/personal/entain-test/src/components/Button/Button.tsx": {"path":"/home/user/Documents/personal/entain-test/src/components/Button/Button.tsx","statementMap":{"0":{"start":{"line":8,"column":29},"end":{"line":21,"column":1}},"1":{"start":{"line":13,"column":2},"end":{"line":20,"column":4}},"2":{"start":{"line":23,"column":28},"end":{"line":36,"column":1}},"3":{"start":{"line":28,"column":2},"end":{"line":35,"column":4}}},"fnMap":{"0":{"name":"(anonymous_0)","decl":{"start":{"line":8,"column":29},"end":{"line":8,"column":30}},"loc":{"start":{"line":12,"column":28},"end":{"line":21,"column":1}},"line":12},"1":{"name":"(anonymous_1)","decl":{"start":{"line":23,"column":28},"end":{"line":23,"column":29}},"loc":{"start":{"line":27,"column":28},"end":{"line":36,"column":1}},"line":27}},"branchMap":{},"s":{"0":0,"1":0,"2":0,"3":0},"f":{"0":0,"1":0},"b":{}}
,"/home/user/Documents/personal/entain-test/src/components/InputForm/InputForm.tsx": {"path":"/home/user/Documents/personal/entain-test/src/components/InputForm/InputForm.tsx","statementMap":{"0":{"start":{"line":4,"column":18},"end":{"line":13,"column":2}},"1":{"start":{"line":8,"column":2},"end":{"line":12,"column":4}}},"fnMap":{"0":{"name":"(anonymous_0)","decl":{"start":{"line":7,"column":2},"end":{"line":7,"column":3}},"loc":{"start":{"line":8,"column":2},"end":{"line":12,"column":4}},"line":8}},"branchMap":{},"s":{"0":0,"1":0},"f":{"0":0},"b":{}}
,"/home/user/Documents/personal/entain-test/src/components/Modal/Modal.tsx": {"path":"/home/user/Documents/personal/entain-test/src/components/Modal/Modal.tsx","statementMap":{"0":{"start":{"line":9,"column":48},"end":{"line":19,"column":1}},"1":{"start":{"line":10,"column":2},"end":{"line":18,"column":4}}},"fnMap":{"0":{"name":"(anonymous_0)","decl":{"start":{"line":9,"column":48},"end":{"line":9,"column":49}},"loc":{"start":{"line":9,"column":77},"end":{"line":19,"column":1}},"line":9}},"branchMap":{"0":{"loc":{"start":{"line":12,"column":38},"end":{"line":12,"column":70}},"type":"binary-expr","locations":[{"start":{"line":12,"column":38},"end":{"line":12,"column":48}},{"start":{"line":12,"column":52},"end":{"line":12,"column":70}}],"line":12}},"s":{"0":0,"1":0},"f":{"0":0},"b":{"0":[0,0]}}
,"/home/user/Documents/personal/entain-test/src/components/NoteItem/NoteItem.tsx": {"path":"/home/user/Documents/personal/entain-test/src/components/NoteItem/NoteItem.tsx","statementMap":{"0":{"start":{"line":13,"column":42},"end":{"line":36,"column":1}},"1":{"start":{"line":14,"column":22},"end":{"line":22,"column":14}},"2":{"start":{"line":17,"column":6},"end":{"line":19,"column":7}},"3":{"start":{"line":18,"column":8},"end":{"line":18,"column":20}},"4":{"start":{"line":20,"column":6},"end":{"line":20,"column":24}},"5":{"start":{"line":24,"column":2},"end":{"line":35,"column":4}}},"fnMap":{"0":{"name":"(anonymous_0)","decl":{"start":{"line":13,"column":42},"end":{"line":13,"column":43}},"loc":{"start":{"line":13,"column":77},"end":{"line":36,"column":1}},"line":13},"1":{"name":"(anonymous_1)","decl":{"start":{"line":16,"column":9},"end":{"line":16,"column":10}},"loc":{"start":{"line":16,"column":19},"end":{"line":21,"column":5}},"line":16}},"branchMap":{"0":{"loc":{"start":{"line":17,"column":6},"end":{"line":19,"column":7}},"type":"if","locations":[{"start":{"line":17,"column":6},"end":{"line":19,"column":7}},{"start":{},"end":{}}],"line":17}},"s":{"0":0,"1":0,"2":0,"3":0,"4":0,"5":0},"f":{"0":0,"1":0},"b":{"0":[0,0]}}
,"/home/user/Documents/personal/entain-test/src/components/Typography/Typography.tsx": {"path":"/home/user/Documents/personal/entain-test/src/components/Typography/Typography.tsx","statementMap":{"0":{"start":{"line":8,"column":11},"end":{"line":14,"column":1}},"1":{"start":{"line":9,"column":2},"end":{"line":13,"column":4}},"2":{"start":{"line":16,"column":18},"end":{"line":22,"column":1}},"3":{"start":{"line":17,"column":2},"end":{"line":21,"column":4}},"4":{"start":{"line":24,"column":18},"end":{"line":30,"column":1}},"5":{"start":{"line":25,"column":2},"end":{"line":29,"column":4}},"6":{"start":{"line":32,"column":18},"end":{"line":38,"column":1}},"7":{"start":{"line":33,"column":2},"end":{"line":37,"column":4}}},"fnMap":{"0":{"name":"(anonymous_0)","decl":{"start":{"line":8,"column":11},"end":{"line":8,"column":12}},"loc":{"start":{"line":8,"column":68},"end":{"line":14,"column":1}},"line":8},"1":{"name":"(anonymous_1)","decl":{"start":{"line":16,"column":18},"end":{"line":16,"column":19}},"loc":{"start":{"line":16,"column":75},"end":{"line":22,"column":1}},"line":16},"2":{"name":"(anonymous_2)","decl":{"start":{"line":24,"column":18},"end":{"line":24,"column":19}},"loc":{"start":{"line":24,"column":75},"end":{"line":30,"column":1}},"line":24},"3":{"name":"(anonymous_3)","decl":{"start":{"line":32,"column":18},"end":{"line":32,"column":19}},"loc":{"start":{"line":32,"column":75},"end":{"line":38,"column":1}},"line":32}},"branchMap":{},"s":{"0":0,"1":0,"2":0,"3":0,"4":0,"5":0,"6":0,"7":0},"f":{"0":0,"1":0,"2":0,"3":0},"b":{}}
,"/home/user/Documents/personal/entain-test/src/features/ModalPopup/ModalPopup.tsx": {"path":"/home/user/Documents/personal/entain-test/src/features/ModalPopup/ModalPopup.tsx","statementMap":{"0":{"start":{"line":10,"column":19},"end":{"line":65,"column":1}},"1":{"start":{"line":11,"column":19},"end":{"line":11,"column":32}},"2":{"start":{"line":12,"column":42},"end":{"line":12,"column":57}},"3":{"start":{"line":13,"column":47},"end":{"line":13,"column":61}},"4":{"start":{"line":14,"column":34},"end":{"line":14,"column":46}},"5":{"start":{"line":15,"column":19},"end":{"line":15,"column":65}},"6":{"start":{"line":17,"column":22},"end":{"line":20,"column":3}},"7":{"start":{"line":18,"column":4},"end":{"line":18,"column":20}},"8":{"start":{"line":19,"column":4},"end":{"line":19,"column":29}},"9":{"start":{"line":22,"column":27},"end":{"line":33,"column":3}},"10":{"start":{"line":23,"column":4},"end":{"line":23,"column":26}},"11":{"start":{"line":23,"column":19},"end":{"line":23,"column":26}},"12":{"start":{"line":24,"column":4},"end":{"line":32,"column":5}},"13":{"start":{"line":25,"column":6},"end":{"line":25,"column":28}},"14":{"start":{"line":26,"column":23},"end":{"line":26,"column":63}},"15":{"start":{"line":27,"column":6},"end":{"line":27,"column":59}},"16":{"start":{"line":29,"column":6},"end":{"line":29,"column":25}},"17":{"start":{"line":31,"column":6},"end":{"line":31,"column":29}},"18":{"start":{"line":35,"column":2},"end":{"line":64,"column":4}},"19":{"start":{"line":46,"column":27},"end":{"line":46,"column":54}}},"fnMap":{"0":{"name":"(anonymous_0)","decl":{"start":{"line":10,"column":19},"end":{"line":10,"column":20}},"loc":{"start":{"line":10,"column":25},"end":{"line":65,"column":1}},"line":10},"1":{"name":"(anonymous_1)","decl":{"start":{"line":17,"column":22},"end":{"line":17,"column":23}},"loc":{"start":{"line":17,"column":28},"end":{"line":20,"column":3}},"line":17},"2":{"name":"(anonymous_2)","decl":{"start":{"line":22,"column":27},"end":{"line":22,"column":28}},"loc":{"start":{"line":22,"column":39},"end":{"line":33,"column":3}},"line":22},"3":{"name":"(anonymous_3)","decl":{"start":{"line":46,"column":20},"end":{"line":46,"column":21}},"loc":{"start":{"line":46,"column":27},"end":{"line":46,"column":54}},"line":46}},"branchMap":{"0":{"loc":{"start":{"line":23,"column":4},"end":{"line":23,"column":26}},"type":"if","locations":[{"start":{"line":23,"column":4},"end":{"line":23,"column":26}},{"start":{},"end":{}}],"line":23},"1":{"loc":{"start":{"line":51,"column":11},"end":{"line":53,"column":11}},"type":"binary-expr","locations":[{"start":{"line":51,"column":11},"end":{"line":51,"column":21}},{"start":{"line":52,"column":12},"end":{"line":52,"column":73}}],"line":51},"2":{"loc":{"start":{"line":55,"column":22},"end":{"line":55,"column":47}},"type":"binary-expr","locations":[{"start":{"line":55,"column":22},"end":{"line":55,"column":34}},{"start":{"line":55,"column":38},"end":{"line":55,"column":47}}],"line":55},"3":{"loc":{"start":{"line":56,"column":19},"end":{"line":56,"column":63}},"type":"cond-expr","locations":[{"start":{"line":56,"column":31},"end":{"line":56,"column":58}},{"start":{"line":56,"column":61},"end":{"line":56,"column":63}}],"line":56},"4":{"loc":{"start":{"line":59,"column":13},"end":{"line":59,"column":54}},"type":"cond-expr","locations":[{"start":{"line":59,"column":28},"end":{"line":59,"column":43}},{"start":{"line":59,"column":46},"end":{"line":59,"column":54}}],"line":59}},"s":{"0":0,"1":0,"2":0,"3":0,"4":0,"5":0,"6":0,"7":0,"8":0,"9":0,"10":0,"11":0,"12":0,"13":0,"14":0,"15":0,"16":0,"17":0,"18":0,"19":0},"f":{"0":0,"1":0,"2":0,"3":0},"b":{"0":[0,0],"1":[0,0],"2":[0,0],"3":[0,0],"4":[0,0]}}
,"/home/user/Documents/personal/entain-test/src/features/WhiteBoard/WhiteBoard.tsx": {"path":"/home/user/Documents/personal/entain-test/src/features/WhiteBoard/WhiteBoard.tsx","statementMap":{"0":{"start":{"line":6,"column":19},"end":{"line":28,"column":1}},"1":{"start":{"line":7,"column":34},"end":{"line":14,"column":3}},"2":{"start":{"line":16,"column":2},"end":{"line":27,"column":4}},"3":{"start":{"line":22,"column":12},"end":{"line":22,"column":60}}},"fnMap":{"0":{"name":"(anonymous_0)","decl":{"start":{"line":6,"column":19},"end":{"line":6,"column":20}},"loc":{"start":{"line":6,"column":25},"end":{"line":28,"column":1}},"line":6},"1":{"name":"(anonymous_1)","decl":{"start":{"line":21,"column":24},"end":{"line":21,"column":25}},"loc":{"start":{"line":21,"column":37},"end":{"line":23,"column":11}},"line":21}},"branchMap":{},"s":{"0":0,"1":0,"2":0,"3":0},"f":{"0":0,"1":0},"b":{}}
,"/home/user/Documents/personal/entain-test/src/utils/index.ts": {"path":"/home/user/Documents/personal/entain-test/src/utils/index.ts","statementMap":{"0":{"start":{"line":1,"column":30},"end":{"line":8,"column":1}},"1":{"start":{"line":2,"column":20},"end":{"line":2,"column":38}},"2":{"start":{"line":3,"column":2},"end":{"line":7,"column":35}}},"fnMap":{"0":{"name":"(anonymous_0)","decl":{"start":{"line":1,"column":30},"end":{"line":1,"column":31}},"loc":{"start":{"line":1,"column":52},"end":{"line":8,"column":1}},"line":1}},"branchMap":{},"s":{"0":0,"1":0,"2":0},"f":{"0":0},"b":{}}
}
