{"/home/user/Documents/personal/entain-test/src/App.tsx": {"path":"/home/user/Documents/personal/entain-test/src/App.tsx","statementMap":{"0":{"start":{"line":4,"column":2},"end":{"line":4,"column":50}}},"fnMap":{"0":{"name":"App","decl":{"start":{"line":3,"column":9},"end":{"line":3,"column":12}},"loc":{"start":{"line":3,"column":15},"end":{"line":5,"column":1}},"line":3}},"branchMap":{},"s":{"0":1},"f":{"0":1},"b":{},"_coverageSchema":"1a1c01bbd47fc00a2c39e90264f33305004495a9","hash":"a72256ee0c52143b752659aee856281b14ee6cd7"}
,"/home/user/Documents/personal/entain-test/src/declaration.d.ts": {"path":"/home/user/Documents/personal/entain-test/src/declaration.d.ts","statementMap":{},"fnMap":{},"branchMap":{},"s":{},"f":{},"b":{}}
,"/home/user/Documents/personal/entain-test/src/index.tsx": {"path":"/home/user/Documents/personal/entain-test/src/index.tsx","statementMap":{"0":{"start":{"line":5,"column":0},"end":{"line":5,"column":62}}},"fnMap":{},"branchMap":{},"s":{"0":0},"f":{},"b":{}}
}
